Using pre-set license
Built from '2020.3/china_unity/release' branch; Version is '2020.3.1f1c1 (3e9f4b065a9d) revision 4104011'; Using compiler version '192528614'; Build Type 'Release'
OS: 'Windows 10 Home China; OS build 17134.1130; Version 1803; 64bit' Language: 'zh' Physical Memory: 16257 MB
BatchMode: 1, IsHumanControllingUs: 0, StartBugReporterOnCrash: 0, Is64bit: 1, IsPro: 0

 COMMAND LINE ARGUMENTS:
C:\Program Files\Unity\Hub\Editor\2020.3.1f1c1\Editor\Unity.exe
-adb2
-batchMode
-noUpm
-name
AssetImportWorker0
-projectPath
E:/GitHubProjects/Test/forGitHub_Text
-logFile
Logs/AssetImportWorker0.log
-srvPort
64174
Successfully changed project path to: E:/GitHubProjects/Test/forGitHub_Text
E:/GitHubProjects/Test/forGitHub_Text
Using Asset Import Pipeline V2.
Refreshing native plugins compatible for Editor in 20.81 ms, found 0 plugins.
Preloading 0 native plugins for Editor in 0.00 ms.
Initialize engine version: 2020.3.1f1c1 (3e9f4b065a9d)
[Subsystems] Discovering subsystems at path C:/Program Files/Unity/Hub/Editor/2020.3.1f1c1/Editor/Data/Resources/UnitySubsystems
[Subsystems] Discovering subsystems at path E:/GitHubProjects/Test/forGitHub_Text/Assets
GfxDevice: creating device client; threaded=0
Direct3D:
    Version:  Direct3D 11.0 [level 11.1]
    Renderer: NVIDIA GeForce GTX 1060 (ID=0x1c20)
    Vendor:   
    VRAM:     6052 MB
    Driver:   26.21.14.4223
Initialize mono
Mono path[0] = 'C:/Program Files/Unity/Hub/Editor/2020.3.1f1c1/Editor/Data/Managed'
Mono path[1] = 'C:/Program Files/Unity/Hub/Editor/2020.3.1f1c1/Editor/Data/MonoBleedingEdge/lib/mono/unityjit'
Mono config path = 'C:/Program Files/Unity/Hub/Editor/2020.3.1f1c1/Editor/Data/MonoBleedingEdge/etc'
Using monoOptions --debugger-agent=transport=dt_socket,embedding=1,server=y,suspend=n,address=127.0.0.1:56196
Begin MonoManager ReloadAssembly
Registering precompiled unity dll's ...
Register platform support module: C:/Program Files/Unity/Hub/Editor/2020.3.1f1c1/Editor/Data/PlaybackEngines/WindowsStandaloneSupport/UnityEditor.WindowsStandalone.Extensions.dll
Registered in 0.012924 seconds.
Native extension for WindowsStandalone target not found
Refreshing native plugins compatible for Editor in 21.35 ms, found 0 plugins.
Preloading 0 native plugins for Editor in 0.00 ms.
Invoked RoslynAnalysisRunner static constructor.
RoslynAnalysisRunner will not be running.
RoslynAnalysisRunner has terminated.
Mono: successfully reloaded assembly
- Completed reload, in  7.805 seconds
Platform modules already initialized, skipping
Registering precompiled user dll's ...
Registered in 0.000894 seconds.
Begin MonoManager ReloadAssembly
Native extension for WindowsStandalone target not found
Refreshing native plugins compatible for Editor in 0.18 ms, found 0 plugins.
Preloading 0 native plugins for Editor in 0.00 ms.
Invoked RoslynAnalysisRunner static constructor.
RoslynAnalysisRunner will not be running.
RoslynAnalysisRunner has terminated.
Mono: successfully reloaded assembly
- Completed reload, in  1.176 seconds
Platform modules already initialized, skipping
========================================================================
Worker process is ready to serve import requests
Launched and connected shader compiler UnityShaderCompiler.exe after 0.08 seconds
Refreshing native plugins compatible for Editor in 0.18 ms, found 0 plugins.
Preloading 0 native plugins for Editor in 0.00 ms.
Unloading 1114 Unused Serialized files (Serialized files now loaded: 0)
System memory in use before: 56.9 MB.
System memory in use after: 56.9 MB.

Unloading 9 unused Assets to reduce memory usage. Loaded Objects now: 1557.
Total: 1.476173 ms (FindLiveObjects: 0.124754 ms CreateObjectMapping: 0.034783 ms MarkObjects: 1.259594 ms  DeleteObjects: 0.055652 ms)

========================================================================
Received Import Request.
  path: Assets/Script/GitHub_text.cs
  artifactKey: Guid(f3ebf681715350148bf8ea3dd146f29c) Importer(815301076,1909f56bfc062723c751e8b465ee728b)
Start importing Assets/Script/GitHub_text.cs using Guid(f3ebf681715350148bf8ea3dd146f29c) Importer(815301076,1909f56bfc062723c751e8b465ee728b)  -> (artifact id: '590154a7cf9f881055a1881f68d1e599') in 0.043245 seconds
  Import took 0.045496 seconds .

========================================================================
Received Import Request.
  Time since last request: 0.000301 seconds.
  path: Assets/Script
  artifactKey: Guid(89e94d6327a5ae340aae639d72850659) Importer(815301076,1909f56bfc062723c751e8b465ee728b)
Start importing Assets/Script using Guid(89e94d6327a5ae340aae639d72850659) Importer(815301076,1909f56bfc062723c751e8b465ee728b)  -> (artifact id: '6132cd1abd72bb558358feba6c63df7c') in 0.003269 seconds
  Import took 0.005093 seconds .

========================================================================
Received Prepare
Registering precompiled user dll's ...
Registered in 0.000992 seconds.
Begin MonoManager ReloadAssembly
Native extension for WindowsStandalone target not found
Refreshing native plugins compatible for Editor in 0.19 ms, found 0 plugins.
Preloading 0 native plugins for Editor in 0.00 ms.
Invoked RoslynAnalysisRunner static constructor.
RoslynAnalysisRunner will not be running.
RoslynAnalysisRunner has terminated.
Mono: successfully reloaded assembly
- Completed reload, in  1.022 seconds
Platform modules already initialized, skipping
Refreshing native plugins compatible for Editor in 0.18 ms, found 0 plugins.
Preloading 0 native plugins for Editor in 0.00 ms.
Unloading 1108 Unused Serialized files (Serialized files now loaded: 0)
System memory in use before: 56.7 MB.
System memory in use after: 56.8 MB.

Unloading 4 unused Assets to reduce memory usage. Loaded Objects now: 1560.
Total: 1.418202 ms (FindLiveObjects: 0.134029 ms CreateObjectMapping: 0.031072 ms MarkObjects: 1.238260 ms  DeleteObjects: 0.014377 ms)

========================================================================
Received Import Request.
  Time since last request: 47.867932 seconds.
  path: Assets/Script/GitHub_text.cs
  artifactKey: Guid(f3ebf681715350148bf8ea3dd146f29c) Importer(815301076,1909f56bfc062723c751e8b465ee728b)
Start importing Assets/Script/GitHub_text.cs using Guid(f3ebf681715350148bf8ea3dd146f29c) Importer(815301076,1909f56bfc062723c751e8b465ee728b)  -> (artifact id: '3c6283768c561cf36e8a6ac82ac5c227') in 0.048395 seconds
  Import took 0.050093 seconds .

AssetImportWorkerClient::OnTransportError - code=2 error=End of file
